<?xml version="1.0" encoding="UTF-8"?>
<!-- Generated by org.testng.reporters.JUnitReportReporter -->
<testsuite hostname="DESKTOP-GT80QV6" failures="0" tests="1" name="restassured.Demo.VeriFyAlbumTittle" time="1.654" errors="0" timestamp="2021-10-29T00:03:29 IST" skipped="0">
  <testcase classname="restassured.Demo.VeriFyAlbumTittle" name="getTenAlbum" time="1.654"/>
  <system-out/>
</testsuite> <!-- restassured.Demo.VeriFyAlbumTittle -->
