<?xml version="1.0" encoding="UTF-8"?>
<!-- Generated by org.testng.reporters.JUnitReportReporter -->
<testsuite hostname="DESKTOP-DIC7RLC" failures="0" tests="1" name="test.DeleteRequests.DeleteRequestTest" time="2.019" errors="0" timestamp="2021-11-01T14:59:27 IST" skipped="0">
  <testcase classname="test.DeleteRequests.DeleteRequestTest" name="verifyDeleteEndPoint" time="2.019"/>
  <system-out/>
</testsuite> <!-- test.DeleteRequests.DeleteRequestTest -->
