<?xml version="1.0" encoding="UTF-8"?>
<!-- Generated by org.testng.reporters.JUnitReportReporter -->
<testsuite hostname="DESKTOP-DIC7RLC" failures="0" tests="11" name="test.GetRequests.GetResuestTests" time="2.232" errors="0" timestamp="2021-11-01T14:59:27 IST" skipped="0">
  <testcase classname="test.GetRequests.GetResuestTests" name="getAlbumTen" time="0.524"/>
  <system-out/>
  <testcase classname="test.GetRequests.GetResuestTests" name="getAllPost" time="0.266"/>
  <system-out/>
  <testcase classname="test.GetRequests.GetResuestTests" name="getFirstPostCommentInvalid" time="0.135"/>
  <system-out/>
  <testcase classname="test.GetRequests.GetResuestTests" name="getVeriFyIDHundrade" time="0.171"/>
  <system-out/>
  <testcase classname="test.GetRequests.GetResuestTests" name="getFirstPost" time="0.202"/>
  <system-out/>
  <testcase classname="test.GetRequests.GetResuestTests" name="getInvalidPost" time="0.128"/>
  <system-out/>
  <testcase classname="test.GetRequests.GetResuestTests" name="getAlbumInvalid" time="0.221"/>
  <system-out/>
  <testcase classname="test.GetRequests.GetResuestTests" name="getInvalidComment" time="0.134"/>
  <system-out/>
  <testcase classname="test.GetRequests.GetResuestTests" name="getVeriFyEmailForFifthID" time="0.137"/>
  <system-out/>
  <testcase classname="test.GetRequests.GetResuestTests" name="getFirstPostComment" time="0.185"/>
  <system-out/>
  <testcase classname="test.GetRequests.GetResuestTests" name="getCommentsUnderFirstPost" time="0.129"/>
  <system-out/>
</testsuite> <!-- test.GetRequests.GetResuestTests -->
