<?xml version="1.0" encoding="UTF-8"?>
<!-- Generated by org.testng.reporters.JUnitReportReporter -->
<testsuite hostname="DESKTOP-DIC7RLC" failures="0" tests="1" name="test.PatchRequests.PatchRequestTest" time="0.614" errors="0" timestamp="2021-11-01T14:59:27 IST" skipped="0">
  <testcase classname="test.PatchRequests.PatchRequestTest" name="verifyPutEndPoint" time="0.614"/>
  <system-out/>
</testsuite> <!-- test.PatchRequests.PatchRequestTest -->
