<?xml version="1.0" encoding="UTF-8"?>
<!-- Generated by org.testng.reporters.JUnitReportReporter -->
<testsuite hostname="DESKTOP-GT80QV6" failures="0" tests="1" name="restassured.Demo.verifyIDHundradeExist" time="0.686" errors="0" timestamp="2021-10-28T19:41:42 IST" skipped="0">
  <testcase classname="restassured.Demo.verifyIDHundradeExist" name="getHundPost" time="0.686"/>
  <system-out/>
</testsuite> <!-- restassured.Demo.verifyIDHundradeExist -->
