<?xml version="1.0" encoding="UTF-8"?>
<!-- Generated by org.testng.reporters.JUnitReportReporter -->
<testsuite hostname="DESKTOP-GT80QV6" failures="0" tests="4" name="restassured.Demo.TestGetEndPoints" time="1.012" errors="0" timestamp="2021-10-28T19:41:42 IST" skipped="0">
  <testcase classname="restassured.Demo.TestGetEndPoints" name="getAllPost" time="0.329"/>
  <system-out/>
  <testcase classname="restassured.Demo.TestGetEndPoints" name="getFirstPost" time="0.226"/>
  <system-out/>
  <testcase classname="restassured.Demo.TestGetEndPoints" name="getFirstPostComment" time="0.238"/>
  <system-out/>
  <testcase classname="restassured.Demo.TestGetEndPoints" name="getFirstUserComment" time="0.219"/>
  <system-out/>
</testsuite> <!-- restassured.Demo.TestGetEndPoints -->
