<?xml version="1.0" encoding="UTF-8"?>
<!-- Generated by org.testng.reporters.JUnitReportReporter -->
<testsuite hostname="DESKTOP-GT80QV6" failures="0" tests="1" name="restassured.Demo.TestPostEndPoints" time="0.764" errors="0" timestamp="2021-10-28T19:41:42 IST" skipped="0">
  <testcase classname="restassured.Demo.TestPostEndPoints" name="verifyPostEndPoint" time="0.764"/>
  <system-out/>
</testsuite> <!-- restassured.Demo.TestPostEndPoints -->
