<?xml version="1.0" encoding="UTF-8"?>
<!-- Generated by org.testng.reporters.JUnitReportReporter -->
<testsuite hostname="DESKTOP-GT80QV6" failures="0" tests="4" name="restassured.Demo.TestEndPoints" time="2.355" errors="0" timestamp="2021-10-28T16:53:05 IST" skipped="0">
  <testcase classname="restassured.Demo.TestEndPoints" name="getFirstPostComment" time="0.188"/>
  <system-out/>
  <testcase classname="restassured.Demo.TestEndPoints" name="getFirstUserComment" time="0.172"/>
  <system-out/>
  <testcase classname="restassured.Demo.TestEndPoints" name="getFirstPost" time="0.170"/>
  <system-out/>
  <testcase classname="restassured.Demo.TestEndPoints" name="getAllPost" time="1.825"/>
  <system-out/>
</testsuite> <!-- restassured.Demo.TestEndPoints -->
