<?xml version="1.0" encoding="UTF-8"?>
<!-- Generated by org.testng.reporters.JUnitReportReporter -->
<testsuite hostname="DESKTOP-DIC7RLC" failures="0" tests="1" name="test.PostRequests.PostRequestTest" time="0.551" errors="0" timestamp="2021-11-01T14:59:27 IST" skipped="0">
  <testcase classname="test.PostRequests.PostRequestTest" name="verifyPostEndPoint" time="0.551"/>
  <system-out/>
</testsuite> <!-- test.PostRequests.PostRequestTest -->
